<?xml version="1.0" encoding="UTF-8"?>
<!-- Generated by org.testng.reporters.JUnitReportReporter -->
<testsuite hostname="DESKTOP-I39KDBJ" failures="0" tests="1" name="TestCase.LoginPageTest" time="5.216" errors="0" timestamp="2025-02-16T22:43:11 IST" skipped="0">
  <testcase classname="TestCase.LoginPageTest" name="loginPage" time="5.216"/>
  <system-out>
    <![CDATA[successfully logged in]]>
  </system-out>
</testsuite> <!-- TestCase.LoginPageTest -->
