<?xml version="1.0" encoding="UTF-8"?>
<!-- Generated by org.testng.reporters.JUnitReportReporter -->
<testsuite hostname="DESKTOP-I39KDBJ" failures="0" tests="1" name="TestCase.ForgotPasswordTest" time="10.054" errors="0" timestamp="2025-02-16T22:43:11 IST" skipped="0">
  <testcase classname="TestCase.ForgotPasswordTest" name="ForgotPassword" time="10.054"/>
  <system-out>
    <![CDATA[Cancel verified successfully
Reset verified successfully]]>
  </system-out>
</testsuite> <!-- TestCase.ForgotPasswordTest -->
